{"logTime": "0624/185143", "correlationVector":"MhTeol1r6tIPweHFDK/6ea.1","action":"SyncServerConnectionManagerRequest", "result":"SYNC_SERVER_OK", "context":{"environment":"Prod_brazilsouth_prod-s01-034-sam-brazilsouth", "migrationStage":"NotStarted", "server":"akswtt10100001h"}}
{"logTime": "0624/185143", "correlationVector":"MhTeol1r6tIPweHFDK/6ea.2","action":"ProcessGetUpdates", "result":"Done", "context":{"dataType":"Encryption Keys", "deleted":"0", "process_failed_to_decrypt":"0", "process_pending_decryption":"0", "process_success":"1", "total":"1"}}
{"logTime": "0624/185144", "correlationVector":"RIW+G0Yvk7hRS88W1YlHgq","action":"SyncServerConnectionManagerRequest", "result":"SYNC_SERVER_OK", "context":{"environment":"", "migrationStage":"", "server":""}}
{"logTime": "0624/185144", "correlationVector":"RIW+G0Yvk7hRS88W1YlHgq.0","action":"EncryptionKeysFetcher.DownloadKeys:", "result":"Success", "context":Key count: 7, Last key timestamp: 2026-04-13T13:54:09Z}
{"logTime": "0624/185144", "correlationVector":"RIW+G0Yvk7hRS88W1YlHgq.1","action":"EncryptionKeysManager::SetEncryptionKeys:", "result":"Success", "context":Key names[7]:[3jbi1rP3wv1lR8Pht7S6cbK532CnR+R17Qp9EgJLWvgfTdUcX6rtGBoDkUQAgWO0Jw4pPeHnslcrzjvmRAno3A==][Ig/Zn8+zvHClNMMfsgdLlmPyRRHsNA5TJYd/bmnJKGCaEbX/5Q6V7LqjesxsizvZFUl3l8dOQ1wTKSya0J2B3w==][mFJ2WHZzP7bkl47N5hssVhjPnlnFg9dytCNRnK7FaQSFIDFDrmatqF7tkj5ZlgU//gxv9QPMW1H6+KB5MfFtmw==][oOpl1GPbcA44pckOOzmofjXSzOnzXQVhA7HCKv9jfulDQtbPl+exptkFFQHrRxbtwEyx7jKTxmdxm0wXZOkeCg==][Z77pDTMEydpC5duFh/4ezFK8Vb6vgnnyWcSG+AGJPlzwU8jFI2k3DaaVi4at+ZXzvdPXDKiK1oiwgq8GBscj+A==][VDkEAaGas/GgKrpW3RdVoo9wrK8QPqkA+zDtKbaYmW9RELaN0sdgHEpkhze6G2uZyzf7bA8yXS2Bc7mxDc5snQ==][V3SHcelEkfs6vnLkdqfKar4StuMaMIJrioG8ui6iTyKgSf/I456Kl8zEtj8PlbIqHRKrVMx4c+eaPrgPb/mevA==]}
{"logTime": "0624/185144", "correlationVector":"RIW+G0Yvk7hRS88W1YlHgq.2","action":"EncryptionKeysManager::SetEncryptionKeysWithTimestamps:", "result":"Success", "context":Key timestamps[7]:[2023-04-23T18:07:09Z][2023-10-21T16:37:42Z][2024-04-20T21:56:02Z][2024-10-18T15:02:23Z][2025-04-18T03:23:50Z][2025-10-15T04:24:43Z][2026-04-13T13:54:09Z]}
{"logTime": "0624/185144", "correlationVector":"MhTeol1r6tIPweHFDK/6ea","action":"Initial GetUpdates", "result":"", "context":Reason: NEW_CLIENT. cV=MhTeol1r6tIPweHFDK/6ea}
{"logTime": "0624/185144", "correlationVector":"MhTeol1r6tIPweHFDK/6ea.3","action":"GetUpdates Response", "result":"Success", "context":Received 1 update(s). cV=MhTeol1r6tIPweHFDK/6ea.0;server=akswtt10100001h;cloudType=Consumer;environment=Prod_brazilsouth_prod-s01-034-sam-brazilsouth;migrationStage=NotStarted}
{"logTime": "0624/185144", "correlationVector":"vyomOE0dYw0Vhts1JDgku9","action":"Initial GetUpdates", "result":"", "context":Reason: NEWLY_SUPPORTED_DATATYPE. cV=vyomOE0dYw0Vhts1JDgku9}
{"logTime": "0624/185144", "correlationVector":"vyomOE0dYw0Vhts1JDgku9.1","action":"SyncServerConnectionManagerRequest", "result":"SYNC_SERVER_OK", "context":{"environment":"Prod_brazilsouth_prod-s01-034-sam-brazilsouth", "migrationStage":"NotStarted", "server":"akswtt10100001h"}}
{"logTime": "0624/185144", "correlationVector":"vyomOE0dYw0Vhts1JDgku9.2","action":"ProcessGetUpdates", "result":"Done", "context":{"dataType":"Device Info", "deleted":"0", "process_failed_to_decrypt":"0", "process_pending_decryption":"0", "process_success":"12", "total":"12"}}
{"logTime": "0624/185144", "correlationVector":"vyomOE0dYw0Vhts1JDgku9.3","action":"GetUpdates Response", "result":"Success", "context":Received 12 update(s). cV=vyomOE0dYw0Vhts1JDgku9.0;server=akswtt10100001h;cloudType=Consumer;environment=Prod_brazilsouth_prod-s01-034-sam-brazilsouth;migrationStage=NotStarted}
{"logTime": "0624/185144", "correlationVector":"P5pSE3xnDQvZ149QF77Ef4","action":"Initial GetUpdates", "result":"", "context":Reason: NEWLY_SUPPORTED_DATATYPE. cV=P5pSE3xnDQvZ149QF77Ef4}
{"logTime": "0624/185145", "correlationVector":"P5pSE3xnDQvZ149QF77Ef4.1","action":"SyncServerConnectionManagerRequest", "result":"SYNC_SERVER_OK", "context":{"environment":"Prod_brazilsouth_prod-s01-034-sam-brazilsouth", "migrationStage":"NotStarted", "server":"akswtt10100001h"}}
{"logTime": "0624/185145", "correlationVector":"P5pSE3xnDQvZ149QF77Ef4.2","action":"ProcessGetUpdates", "result":"Done", "context":{"dataType":"Extensions", "deleted":"4", "process_failed_to_decrypt":"0", "process_pending_decryption":"0", "process_success":"7", "total":"7"}}
{"logTime": "0624/185145", "correlationVector":"P5pSE3xnDQvZ149QF77Ef4.3","action":"ProcessGetUpdates", "result":"Done", "context":{"dataType":"Extension settings", "deleted":"27", "process_failed_to_decrypt":"0", "process_pending_decryption":"0", "process_success":"27", "total":"27"}}
{"logTime": "0624/185145", "correlationVector":"P5pSE3xnDQvZ149QF77Ef4.4","action":"GetUpdates Response", "result":"Success", "context":Received 34 update(s). cV=P5pSE3xnDQvZ149QF77Ef4.0;server=akswtt10100001h;cloudType=Consumer;environment=Prod_brazilsouth_prod-s01-034-sam-brazilsouth;migrationStage=NotStarted}
{"logTime": "0624/185145", "correlationVector":"NdcMJOYBbs+sgH2z2RLNeN","action":"Normal GetUpdate request", "result":"", "context":cV=NdcMJOYBbs+sgH2z2RLNeN
Nudged types: Device Info
Refresh requested types: Extensions, Extension settings, Device Info, User Consents, Send Tab To Self, Web Apps, Encryption Keys}
{"logTime": "0624/185145", "correlationVector":"NdcMJOYBbs+sgH2z2RLNeN.1","action":"SyncServerConnectionManagerRequest", "result":"SYNC_SERVER_OK", "context":{"environment":"Prod_brazilsouth_prod-s01-034-sam-brazilsouth", "migrationStage":"NotStarted", "server":"akswtt10100001u"}}
{"logTime": "0624/185145", "correlationVector":"NdcMJOYBbs+sgH2z2RLNeN.2","action":"GetUpdates Response", "result":"Success", "context":Received 0 update(s). cV=NdcMJOYBbs+sgH2z2RLNeN.0;server=akswtt10100001u;cloudType=Consumer;environment=Prod_brazilsouth_prod-s01-034-sam-brazilsouth;migrationStage=NotStarted}
{"logTime": "0624/185145", "correlationVector":"avBnpvpRQCDQkAM5in0rb5","action":"DoCompareDataConsistency requsted types: ", "result":"Extensions, Extension settings, Send Tab To Self, Web Apps, Encryption Keys"}
{"logTime": "0624/185145", "correlationVector":"avBnpvpRQCDQkAM5in0rb5.0","action":"CompareDataConsistency result: ", "result":"Compare result: Encryption Keys is consistent. local entities count is: 1 local entities hash is: hQkQnrSCZoaj2NyPqrx8pTOVVSs="}
{"logTime": "0624/185145", "correlationVector":"avBnpvpRQCDQkAM5in0rb5.1","action":"CompareDataConsistency result: ", "result":"Compare result: Extensions is consistent. local entities count is: 3 local entities hash is: Y2nr9cmuQ2YO58bTlBFBprOu3ik="}
{"logTime": "0624/185145", "correlationVector":"avBnpvpRQCDQkAM5in0rb5.2","action":"CompareDataConsistency result: ", "result":"Compare result: Extension settings is consistent. local entities count is: 0 local entities hash is: "}
{"logTime": "0624/185145", "correlationVector":"avBnpvpRQCDQkAM5in0rb5.3","action":"CompareDataConsistency result: ", "result":"Server did not send this Send Tab To Self local entities count is: 0 local entities hash is: "}
{"logTime": "0624/185145", "correlationVector":"avBnpvpRQCDQkAM5in0rb5.4","action":"CompareDataConsistency result: ", "result":"Compare result: Web Apps is consistent. local entities count is: 0 local entities hash is: "}
{"logTime": "0624/185145", "correlationVector":"MoYaeW2wRz7cSLFAc/odwU","action":"Commit Request", "result":"", "context":Item count: 1
Contributing types: Device Info}
{"logTime": "0624/185145", "correlationVector":"MoYaeW2wRz7cSLFAc/odwU.1","action":"SyncServerConnectionManagerRequest", "result":"SYNC_SERVER_OK", "context":{"environment":"Prod_brazilsouth_prod-s01-034-sam-brazilsouth", "migrationStage":"NotStarted", "server":"akswtt10100001h"}}
{"logTime": "0624/185145", "correlationVector":"MoYaeW2wRz7cSLFAc/odwU.2","action":"Commit Response", "result":"Success", "context":Result: Success. cV=MoYaeW2wRz7cSLFAc/odwU.0;server=akswtt10100001h;cloudType=Consumer;environment=Prod_brazilsouth_prod-s01-034-sam-brazilsouth;migrationStage=NotStarted}
{"logTime": "0624/185145", "correlationVector":"","action":"DIAGNOSTIC_REQUEST|v1/diagnosticData/Diagnostic.SendCheckResult()|SUCCESS", "result":""}
{"logTime": "0624/185150", "correlationVector":"qHvwM4CrMKAnvJPN+eUz0/","action":"Initial GetUpdates", "result":"", "context":Reason: RECONFIGURATION. cV=qHvwM4CrMKAnvJPN+eUz0/}
{"logTime": "0624/185152", "correlationVector":"qHvwM4CrMKAnvJPN+eUz0/.1","action":"SyncServerConnectionManagerRequest", "result":"SYNC_SERVER_OK", "context":{"environment":"Prod_brazilsouth_prod-s01-034-sam-brazilsouth", "migrationStage":"NotStarted", "server":"akswtt10100001u"}}
{"logTime": "0624/185152", "correlationVector":"qHvwM4CrMKAnvJPN+eUz0/.2","action":"ProcessGetUpdates", "result":"Done", "context":{"dataType":"Preferences", "deleted":"4", "process_failed_to_decrypt":"0", "process_pending_decryption":"0", "process_success":"112", "total":"112"}}
{"logTime": "0624/185152", "correlationVector":"qHvwM4CrMKAnvJPN+eUz0/.3","action":"ProcessGetUpdates", "result":"Done", "context":{"dataType":"Passwords", "deleted":"8", "process_failed_to_decrypt":"0", "process_pending_decryption":"0", "process_success":"129", "total":"129"}}
{"logTime": "0624/185152", "correlationVector":"qHvwM4CrMKAnvJPN+eUz0/.4","action":"ProcessGetUpdates", "result":"Done", "context":{"dataType":"Device Info", "deleted":"0", "process_failed_to_decrypt":"0", "process_pending_decryption":"0", "process_success":"9", "total":"9"}}
{"logTime": "0624/185152", "correlationVector":"qHvwM4CrMKAnvJPN+eUz0/.5","action":"GetUpdates Response", "result":"Success", "context":Received 250 update(s). cV=qHvwM4CrMKAnvJPN+eUz0/.0;server=akswtt10100001u;cloudType=Consumer;environment=Prod_brazilsouth_prod-s01-034-sam-brazilsouth;migrationStage=NotStarted Some updates remain.}
{"logTime": "0624/185152", "correlationVector":"miIpBR7gy/c5zXdvAAhOSg","action":"Initial GetUpdates", "result":"", "context":Reason: RECONFIGURATION. cV=miIpBR7gy/c5zXdvAAhOSg}
{"logTime": "0624/185152", "correlationVector":"miIpBR7gy/c5zXdvAAhOSg","action":"SyncServerConnectionManagerRequest", "result":"CONNECTION_UNAVAILABLE", "context":{"error_type":"net_error_code", "error_value":"-3"}}
